306738	TWA9A	2.40 (6.32)
306740	TWA9A	2.40 (10.32)
306741	TWA9A	2.16 (13.05)
306756	ROX6	1.24 (3.69)
306757	ROX6	1.12 (6.22)
306758	ROX6	1.24 (3.87)
306733	TWA8A	3.12 (7.34)
306735	TWA8A	3.20 (7.42)
306736	TWA8A	3.12 (7.76)
306730	TWHYA	2.70 (10.14)
306731	TWHYA	2.46 (10.44)
306732	TWHYA	2.58 (8.90)
306749	V1121OPH	1.98 (5.86)
306751	V1121OPH	2.10 (10.09)
306752	V1121OPH	2.10 (8.70)
306743	V2129OPH	2.60 (5.25)
306744	V2129OPH	2.80 (5.60)
306745	V2129OPH	2.64 (6.10)
306760	V2247OPH	2.46 (3.22)
306726	TWA7	2.34 (3.82)
306727	TWA7	2.34 (5.94)
3067270	TWA7	2.16 (6.38)
306728	TWA7	2.40 (7.18)
3067280	TWA7	2.04 (12.05)
